-- The C compiler identification is GNU 13.3.0
-- The CXX compiler identification is GNU 13.3.0
-- Detecting C compiler ABI info
-- Detecting C compiler ABI info - done
-- Check for working C compiler: /usr/bin/cc - skipped
-- Detecting C compile features
-- Detecting C compile features - done
-- Detecting CXX compiler ABI info
-- Detecting CXX compiler ABI info - done
-- Check for working CXX compiler: /usr/bin/c++ - skipped
-- Detecting CXX compile features
-- Detecting CXX compile features - done
-- Found ament_cmake: 2.5.3 (/opt/ros/jazzy/share/ament_cmake/cmake)
-- Found Python3: /usr/bin/python3 (found version "3.12.3") found components: Interpreter 
-- Found rosidl_default_generators: 1.6.0 (/opt/ros/jazzy/share/rosidl_default_generators/cmake)
-- Using all available rosidl_typesupport_c: rosidl_typesupport_fastrtps_c;rosidl_typesupport_introspection_c
-- Using all available rosidl_typesupport_cpp: rosidl_typesupport_fastrtps_cpp;rosidl_typesupport_introspection_cpp
-- Found rosidl_adapter: 4.6.5 (/opt/ros/jazzy/share/rosidl_adapter/cmake)
-- Found ament_cmake_ros: 0.12.0 (/opt/ros/jazzy/share/ament_cmake_ros/cmake)
-- Using all available rosidl_typesupport_c: rosidl_typesupport_fastrtps_c;rosidl_typesupport_introspection_c
-- Using all available rosidl_typesupport_cpp: rosidl_typesupport_fastrtps_cpp;rosidl_typesupport_introspection_cpp
-- Found python_cmake_module: 0.11.1 (/opt/ros/jazzy/share/python_cmake_module/cmake)
-- Found PythonExtra: /usr/bin/python3  
-- Found Python3: /usr/bin/python3 (found version "3.12.3") found components: Interpreter Development NumPy Development.Module Development.Embed 
-- Configuring done (2.8s)
-- Generating done (0.0s)
-- Build files have been written to: /home/alumno/ros2_ws/build/pong_interfaces
[  2%] [34m[1mGenerating type hashes for ROS interfaces[0m
[  2%] Built target ament_cmake_python_copy_pong_interfaces
[  2%] Built target pong_interfaces__rosidl_generator_type_description
[  4%] [34m[1mGenerating C code for ROS interfaces[0m
[  6%] [34m[1mGenerating C++ code for ROS interfaces[0m
running egg_info
creating pong_interfaces.egg-info
writing pong_interfaces.egg-info/PKG-INFO
writing dependency_links to pong_interfaces.egg-info/dependency_links.txt
writing top-level names to pong_interfaces.egg-info/top_level.txt
writing manifest file 'pong_interfaces.egg-info/SOURCES.txt'
reading manifest file 'pong_interfaces.egg-info/SOURCES.txt'
writing manifest file 'pong_interfaces.egg-info/SOURCES.txt'
[  6%] Built target ament_cmake_python_build_pong_interfaces_egg
[  6%] Built target pong_interfaces__cpp
[ 11%] [32mBuilding C object CMakeFiles/pong_interfaces__rosidl_generator_c.dir/rosidl_generator_c/pong_interfaces/msg/detail/paddle_position__functions.c.o[0m
[ 11%] [32mBuilding C object CMakeFiles/pong_interfaces__rosidl_generator_c.dir/rosidl_generator_c/pong_interfaces/msg/detail/paddle_position__description.c.o[0m
[ 13%] [32mBuilding C object CMakeFiles/pong_interfaces__rosidl_generator_c.dir/rosidl_generator_c/pong_interfaces/msg/detail/paddle_position__type_support.c.o[0m
[ 15%] [32mBuilding C object CMakeFiles/pong_interfaces__rosidl_generator_c.dir/rosidl_generator_c/pong_interfaces/srv/detail/reset__functions.c.o[0m
[ 18%] [32mBuilding C object CMakeFiles/pong_interfaces__rosidl_generator_c.dir/rosidl_generator_c/pong_interfaces/srv/detail/reset__description.c.o[0m
[ 20%] [32mBuilding C object CMakeFiles/pong_interfaces__rosidl_generator_c.dir/rosidl_generator_c/pong_interfaces/srv/detail/reset__type_support.c.o[0m
[ 22%] [32m[1mLinking C shared library libpong_interfaces__rosidl_generator_c.so[0m
[ 22%] Built target pong_interfaces__rosidl_generator_c
[ 27%] [34m[1mGenerating C++ introspection for ROS interfaces[0m
[ 27%] [34m[1mGenerating C++ type support for eProsima Fast-RTPS[0m
[ 34%] [34m[1mGenerating C++ type support dispatch for ROS interfaces[0m
[ 31%] [34m[1mGenerating C type support for eProsima Fast-RTPS[0m
[ 34%] [34m[1mGenerating C introspection for ROS interfaces[0m
[ 36%] [34m[1mGenerating C type support dispatch for ROS interfaces[0m
[ 38%] [32mBuilding CXX object CMakeFiles/pong_interfaces__rosidl_typesupport_c.dir/rosidl_typesupport_c/pong_interfaces/msg/paddle_position__type_support.cpp.o[0m
[ 40%] [32mBuilding CXX object CMakeFiles/pong_interfaces__rosidl_typesupport_cpp.dir/rosidl_typesupport_cpp/pong_interfaces/msg/paddle_position__type_support.cpp.o[0m
[ 43%] [32mBuilding C object CMakeFiles/pong_interfaces__rosidl_typesupport_introspection_c.dir/rosidl_typesupport_introspection_c/pong_interfaces/msg/detail/paddle_position__type_support.c.o[0m
[ 45%] [32mBuilding CXX object CMakeFiles/pong_interfaces__rosidl_typesupport_c.dir/rosidl_typesupport_c/pong_interfaces/srv/reset__type_support.cpp.o[0m
[ 47%] [32mBuilding CXX object CMakeFiles/pong_interfaces__rosidl_typesupport_introspection_cpp.dir/rosidl_typesupport_introspection_cpp/pong_interfaces/msg/detail/paddle_position__type_support.cpp.o[0m
[ 50%] [32mBuilding C object CMakeFiles/pong_interfaces__rosidl_typesupport_introspection_c.dir/rosidl_typesupport_introspection_c/pong_interfaces/srv/detail/reset__type_support.c.o[0m
[ 52%] [32mBuilding CXX object CMakeFiles/pong_interfaces__rosidl_typesupport_fastrtps_cpp.dir/rosidl_typesupport_fastrtps_cpp/pong_interfaces/msg/detail/dds_fastrtps/paddle_position__type_support.cpp.o[0m
[ 54%] [32m[1mLinking CXX shared library libpong_interfaces__rosidl_typesupport_c.so[0m
[ 56%] [32mBuilding CXX object CMakeFiles/pong_interfaces__rosidl_typesupport_fastrtps_c.dir/rosidl_typesupport_fastrtps_c/pong_interfaces/msg/detail/paddle_position__type_support_c.cpp.o[0m
[ 59%] [32m[1mLinking C shared library libpong_interfaces__rosidl_typesupport_introspection_c.so[0m
[ 59%] Built target pong_interfaces__rosidl_typesupport_c
[ 61%] [32mBuilding CXX object CMakeFiles/pong_interfaces__rosidl_typesupport_introspection_cpp.dir/rosidl_typesupport_introspection_cpp/pong_interfaces/srv/detail/reset__type_support.cpp.o[0m
[ 61%] Built target pong_interfaces__rosidl_typesupport_introspection_c
[ 63%] [32mBuilding CXX object CMakeFiles/pong_interfaces__rosidl_typesupport_fastrtps_cpp.dir/rosidl_typesupport_fastrtps_cpp/pong_interfaces/srv/detail/dds_fastrtps/reset__type_support.cpp.o[0m
[ 65%] [32mBuilding CXX object CMakeFiles/pong_interfaces__rosidl_typesupport_cpp.dir/rosidl_typesupport_cpp/pong_interfaces/srv/reset__type_support.cpp.o[0m
[ 68%] [32mBuilding CXX object CMakeFiles/pong_interfaces__rosidl_typesupport_fastrtps_c.dir/rosidl_typesupport_fastrtps_c/pong_interfaces/srv/detail/reset__type_support_c.cpp.o[0m
[ 70%] [32m[1mLinking CXX shared library libpong_interfaces__rosidl_typesupport_introspection_cpp.so[0m
[ 70%] Built target pong_interfaces__rosidl_typesupport_introspection_cpp
[ 72%] [32m[1mLinking CXX shared library libpong_interfaces__rosidl_typesupport_cpp.so[0m
[ 72%] Built target pong_interfaces__rosidl_typesupport_cpp
[ 75%] [32m[1mLinking CXX shared library libpong_interfaces__rosidl_typesupport_fastrtps_cpp.so[0m
[ 75%] Built target pong_interfaces__rosidl_typesupport_fastrtps_cpp
[ 77%] [32m[1mLinking CXX shared library libpong_interfaces__rosidl_typesupport_fastrtps_c.so[0m
[ 77%] Built target pong_interfaces__rosidl_typesupport_fastrtps_c
[ 77%] Built target pong_interfaces
[ 79%] [34m[1mGenerating Python code for ROS interfaces[0m
[ 79%] Built target pong_interfaces__py
[ 81%] [32mBuilding C object CMakeFiles/pong_interfaces__rosidl_generator_py.dir/rosidl_generator_py/pong_interfaces/msg/_paddle_position_s.c.o[0m
[ 84%] [32mBuilding C object CMakeFiles/pong_interfaces__rosidl_generator_py.dir/rosidl_generator_py/pong_interfaces/srv/_reset_s.c.o[0m
[ 86%] [32m[1mLinking C shared library libpong_interfaces__rosidl_generator_py.so[0m
[ 86%] Built target pong_interfaces__rosidl_generator_py
[ 88%] [32mBuilding C object CMakeFiles/pong_interfaces_s__rosidl_typesupport_c.dir/rosidl_generator_py/pong_interfaces/_pong_interfaces_s.ep.rosidl_typesupport_c.c.o[0m
[ 90%] [32mBuilding C object CMakeFiles/pong_interfaces_s__rosidl_typesupport_introspection_c.dir/rosidl_generator_py/pong_interfaces/_pong_interfaces_s.ep.rosidl_typesupport_introspection_c.c.o[0m
[ 93%] [32mBuilding C object CMakeFiles/pong_interfaces_s__rosidl_typesupport_fastrtps_c.dir/rosidl_generator_py/pong_interfaces/_pong_interfaces_s.ep.rosidl_typesupport_fastrtps_c.c.o[0m
[ 95%] [32m[1mLinking C shared module rosidl_generator_py/pong_interfaces/pong_interfaces_s__rosidl_typesupport_c.so[0m
[ 97%] [32m[1mLinking C shared module rosidl_generator_py/pong_interfaces/pong_interfaces_s__rosidl_typesupport_introspection_c.so[0m
[100%] [32m[1mLinking C shared module rosidl_generator_py/pong_interfaces/pong_interfaces_s__rosidl_typesupport_fastrtps_c.so[0m
[100%] Built target pong_interfaces_s__rosidl_typesupport_c
[100%] Built target pong_interfaces_s__rosidl_typesupport_introspection_c
[100%] Built target pong_interfaces_s__rosidl_typesupport_fastrtps_c
-- Install configuration: ""
-- Installing: /home/alumno/ros2_ws/install/pong_interfaces/share/ament_index/resource_index/rosidl_interfaces/pong_interfaces
-- Installing: /home/alumno/ros2_ws/install/pong_interfaces/share/pong_interfaces/msg/PaddlePosition.json
-- Installing: /home/alumno/ros2_ws/install/pong_interfaces/share/pong_interfaces/srv/Reset.json
-- Installing: /home/alumno/ros2_ws/install/pong_interfaces/include/pong_interfaces/pong_interfaces
-- Installing: /home/alumno/ros2_ws/install/pong_interfaces/include/pong_interfaces/pong_interfaces/srv
-- Installing: /home/alumno/ros2_ws/install/pong_interfaces/include/pong_interfaces/pong_interfaces/srv/reset.h
-- Installing: /home/alumno/ros2_ws/install/pong_interfaces/include/pong_interfaces/pong_interfaces/srv/detail
-- Installing: /home/alumno/ros2_ws/install/pong_interfaces/include/pong_interfaces/pong_interfaces/srv/detail/reset__functions.h
-- Installing: /home/alumno/ros2_ws/install/pong_interfaces/include/pong_interfaces/pong_interfaces/srv/detail/reset__description.c
-- Installing: /home/alumno/ros2_ws/install/pong_interfaces/include/pong_interfaces/pong_interfaces/srv/detail/reset__functions.c
-- Installing: /home/alumno/ros2_ws/install/pong_interfaces/include/pong_interfaces/pong_interfaces/srv/detail/reset__type_support.h
-- Installing: /home/alumno/ros2_ws/install/pong_interfaces/include/pong_interfaces/pong_interfaces/srv/detail/reset__type_support.c
-- Installing: /home/alumno/ros2_ws/install/pong_interfaces/include/pong_interfaces/pong_interfaces/srv/detail/reset__struct.h
-- Installing: /home/alumno/ros2_ws/install/pong_interfaces/include/pong_interfaces/pong_interfaces/msg
-- Installing: /home/alumno/ros2_ws/install/pong_interfaces/include/pong_interfaces/pong_interfaces/msg/paddle_position.h
-- Installing: /home/alumno/ros2_ws/install/pong_interfaces/include/pong_interfaces/pong_interfaces/msg/rosidl_generator_c__visibility_control.h
-- Installing: /home/alumno/ros2_ws/install/pong_interfaces/include/pong_interfaces/pong_interfaces/msg/detail
-- Installing: /home/alumno/ros2_ws/install/pong_interfaces/include/pong_interfaces/pong_interfaces/msg/detail/paddle_position__type_support.h
-- Installing: /home/alumno/ros2_ws/install/pong_interfaces/include/pong_interfaces/pong_interfaces/msg/detail/paddle_position__description.c
-- Installing: /home/alumno/ros2_ws/install/pong_interfaces/include/pong_interfaces/pong_interfaces/msg/detail/paddle_position__functions.h
-- Installing: /home/alumno/ros2_ws/install/pong_interfaces/include/pong_interfaces/pong_interfaces/msg/detail/paddle_position__functions.c
-- Installing: /home/alumno/ros2_ws/install/pong_interfaces/include/pong_interfaces/pong_interfaces/msg/detail/paddle_position__struct.h
-- Installing: /home/alumno/ros2_ws/install/pong_interfaces/include/pong_interfaces/pong_interfaces/msg/detail/paddle_position__type_support.c
-- Installing: /home/alumno/ros2_ws/install/pong_interfaces/share/pong_interfaces/environment/library_path.sh
-- Installing: /home/alumno/ros2_ws/install/pong_interfaces/share/pong_interfaces/environment/library_path.dsv
-- Installing: /home/alumno/ros2_ws/install/pong_interfaces/lib/libpong_interfaces__rosidl_generator_c.so
-- Set non-toolchain portion of runtime path of "/home/alumno/ros2_ws/install/pong_interfaces/lib/libpong_interfaces__rosidl_generator_c.so" to ""
-- Up-to-date: /home/alumno/ros2_ws/install/pong_interfaces/include/pong_interfaces/pong_interfaces
-- Up-to-date: /home/alumno/ros2_ws/install/pong_interfaces/include/pong_interfaces/pong_interfaces/srv
-- Up-to-date: /home/alumno/ros2_ws/install/pong_interfaces/include/pong_interfaces/pong_interfaces/srv/detail
-- Installing: /home/alumno/ros2_ws/install/pong_interfaces/include/pong_interfaces/pong_interfaces/srv/detail/reset__rosidl_typesupport_fastrtps_c.h
-- Up-to-date: /home/alumno/ros2_ws/install/pong_interfaces/include/pong_interfaces/pong_interfaces/msg
-- Up-to-date: /home/alumno/ros2_ws/install/pong_interfaces/include/pong_interfaces/pong_interfaces/msg/detail
-- Installing: /home/alumno/ros2_ws/install/pong_interfaces/include/pong_interfaces/pong_interfaces/msg/detail/paddle_position__rosidl_typesupport_fastrtps_c.h
-- Installing: /home/alumno/ros2_ws/install/pong_interfaces/include/pong_interfaces/pong_interfaces/msg/rosidl_typesupport_fastrtps_c__visibility_control.h
-- Installing: /home/alumno/ros2_ws/install/pong_interfaces/lib/libpong_interfaces__rosidl_typesupport_fastrtps_c.so
-- Set non-toolchain portion of runtime path of "/home/alumno/ros2_ws/install/pong_interfaces/lib/libpong_interfaces__rosidl_typesupport_fastrtps_c.so" to ""
-- Up-to-date: /home/alumno/ros2_ws/install/pong_interfaces/include/pong_interfaces/pong_interfaces
-- Up-to-date: /home/alumno/ros2_ws/install/pong_interfaces/include/pong_interfaces/pong_interfaces/srv
-- Up-to-date: /home/alumno/ros2_ws/install/pong_interfaces/include/pong_interfaces/pong_interfaces/srv/detail
-- Installing: /home/alumno/ros2_ws/install/pong_interfaces/include/pong_interfaces/pong_interfaces/srv/detail/reset__rosidl_typesupport_introspection_c.h
-- Up-to-date: /home/alumno/ros2_ws/install/pong_interfaces/include/pong_interfaces/pong_interfaces/srv/detail/reset__type_support.c
-- Up-to-date: /home/alumno/ros2_ws/install/pong_interfaces/include/pong_interfaces/pong_interfaces/msg
-- Installing: /home/alumno/ros2_ws/install/pong_interfaces/include/pong_interfaces/pong_interfaces/msg/rosidl_typesupport_introspection_c__visibility_control.h
-- Up-to-date: /home/alumno/ros2_ws/install/pong_interfaces/include/pong_interfaces/pong_interfaces/msg/detail
-- Installing: /home/alumno/ros2_ws/install/pong_interfaces/include/pong_interfaces/pong_interfaces/msg/detail/paddle_position__rosidl_typesupport_introspection_c.h
-- Up-to-date: /home/alumno/ros2_ws/install/pong_interfaces/include/pong_interfaces/pong_interfaces/msg/detail/paddle_position__type_support.c
-- Installing: /home/alumno/ros2_ws/install/pong_interfaces/lib/libpong_interfaces__rosidl_typesupport_introspection_c.so
-- Set non-toolchain portion of runtime path of "/home/alumno/ros2_ws/install/pong_interfaces/lib/libpong_interfaces__rosidl_typesupport_introspection_c.so" to ""
-- Installing: /home/alumno/ros2_ws/install/pong_interfaces/lib/libpong_interfaces__rosidl_typesupport_c.so
-- Set non-toolchain portion of runtime path of "/home/alumno/ros2_ws/install/pong_interfaces/lib/libpong_interfaces__rosidl_typesupport_c.so" to ""
-- Up-to-date: /home/alumno/ros2_ws/install/pong_interfaces/include/pong_interfaces/pong_interfaces
-- Up-to-date: /home/alumno/ros2_ws/install/pong_interfaces/include/pong_interfaces/pong_interfaces/srv
-- Up-to-date: /home/alumno/ros2_ws/install/pong_interfaces/include/pong_interfaces/pong_interfaces/srv/detail
-- Installing: /home/alumno/ros2_ws/install/pong_interfaces/include/pong_interfaces/pong_interfaces/srv/detail/reset__builder.hpp
-- Installing: /home/alumno/ros2_ws/install/pong_interfaces/include/pong_interfaces/pong_interfaces/srv/detail/reset__struct.hpp
-- Installing: /home/alumno/ros2_ws/install/pong_interfaces/include/pong_interfaces/pong_interfaces/srv/detail/reset__type_support.hpp
-- Installing: /home/alumno/ros2_ws/install/pong_interfaces/include/pong_interfaces/pong_interfaces/srv/detail/reset__traits.hpp
-- Installing: /home/alumno/ros2_ws/install/pong_interfaces/include/pong_interfaces/pong_interfaces/srv/reset.hpp
-- Up-to-date: /home/alumno/ros2_ws/install/pong_interfaces/include/pong_interfaces/pong_interfaces/msg
-- Installing: /home/alumno/ros2_ws/install/pong_interfaces/include/pong_interfaces/pong_interfaces/msg/paddle_position.hpp
-- Installing: /home/alumno/ros2_ws/install/pong_interfaces/include/pong_interfaces/pong_interfaces/msg/rosidl_generator_cpp__visibility_control.hpp
-- Up-to-date: /home/alumno/ros2_ws/install/pong_interfaces/include/pong_interfaces/pong_interfaces/msg/detail
-- Installing: /home/alumno/ros2_ws/install/pong_interfaces/include/pong_interfaces/pong_interfaces/msg/detail/paddle_position__traits.hpp
-- Installing: /home/alumno/ros2_ws/install/pong_interfaces/include/pong_interfaces/pong_interfaces/msg/detail/paddle_position__builder.hpp
-- Installing: /home/alumno/ros2_ws/install/pong_interfaces/include/pong_interfaces/pong_interfaces/msg/detail/paddle_position__struct.hpp
-- Installing: /home/alumno/ros2_ws/install/pong_interfaces/include/pong_interfaces/pong_interfaces/msg/detail/paddle_position__type_support.hpp
-- Up-to-date: /home/alumno/ros2_ws/install/pong_interfaces/include/pong_interfaces/pong_interfaces
-- Up-to-date: /home/alumno/ros2_ws/install/pong_interfaces/include/pong_interfaces/pong_interfaces/srv
-- Up-to-date: /home/alumno/ros2_ws/install/pong_interfaces/include/pong_interfaces/pong_interfaces/srv/detail
-- Installing: /home/alumno/ros2_ws/install/pong_interfaces/include/pong_interfaces/pong_interfaces/srv/detail/reset__rosidl_typesupport_fastrtps_cpp.hpp
-- Installing: /home/alumno/ros2_ws/install/pong_interfaces/include/pong_interfaces/pong_interfaces/srv/detail/dds_fastrtps
-- Up-to-date: /home/alumno/ros2_ws/install/pong_interfaces/include/pong_interfaces/pong_interfaces/msg
-- Up-to-date: /home/alumno/ros2_ws/install/pong_interfaces/include/pong_interfaces/pong_interfaces/msg/detail
-- Installing: /home/alumno/ros2_ws/install/pong_interfaces/include/pong_interfaces/pong_interfaces/msg/detail/paddle_position__rosidl_typesupport_fastrtps_cpp.hpp
-- Installing: /home/alumno/ros2_ws/install/pong_interfaces/include/pong_interfaces/pong_interfaces/msg/detail/dds_fastrtps
-- Installing: /home/alumno/ros2_ws/install/pong_interfaces/include/pong_interfaces/pong_interfaces/msg/rosidl_typesupport_fastrtps_cpp__visibility_control.h
-- Installing: /home/alumno/ros2_ws/install/pong_interfaces/lib/libpong_interfaces__rosidl_typesupport_fastrtps_cpp.so
-- Set non-toolchain portion of runtime path of "/home/alumno/ros2_ws/install/pong_interfaces/lib/libpong_interfaces__rosidl_typesupport_fastrtps_cpp.so" to ""
-- Up-to-date: /home/alumno/ros2_ws/install/pong_interfaces/include/pong_interfaces/pong_interfaces
-- Up-to-date: /home/alumno/ros2_ws/install/pong_interfaces/include/pong_interfaces/pong_interfaces/srv
-- Up-to-date: /home/alumno/ros2_ws/install/pong_interfaces/include/pong_interfaces/pong_interfaces/srv/detail
-- Installing: /home/alumno/ros2_ws/install/pong_interfaces/include/pong_interfaces/pong_interfaces/srv/detail/reset__rosidl_typesupport_introspection_cpp.hpp
-- Installing: /home/alumno/ros2_ws/install/pong_interfaces/include/pong_interfaces/pong_interfaces/srv/detail/reset__type_support.cpp
-- Up-to-date: /home/alumno/ros2_ws/install/pong_interfaces/include/pong_interfaces/pong_interfaces/msg
-- Up-to-date: /home/alumno/ros2_ws/install/pong_interfaces/include/pong_interfaces/pong_interfaces/msg/detail
-- Installing: /home/alumno/ros2_ws/install/pong_interfaces/include/pong_interfaces/pong_interfaces/msg/detail/paddle_position__type_support.cpp
-- Installing: /home/alumno/ros2_ws/install/pong_interfaces/include/pong_interfaces/pong_interfaces/msg/detail/paddle_position__rosidl_typesupport_introspection_cpp.hpp
-- Installing: /home/alumno/ros2_ws/install/pong_interfaces/lib/libpong_interfaces__rosidl_typesupport_introspection_cpp.so
-- Set non-toolchain portion of runtime path of "/home/alumno/ros2_ws/install/pong_interfaces/lib/libpong_interfaces__rosidl_typesupport_introspection_cpp.so" to ""
-- Installing: /home/alumno/ros2_ws/install/pong_interfaces/lib/libpong_interfaces__rosidl_typesupport_cpp.so
-- Set non-toolchain portion of runtime path of "/home/alumno/ros2_ws/install/pong_interfaces/lib/libpong_interfaces__rosidl_typesupport_cpp.so" to ""
-- Installing: /home/alumno/ros2_ws/install/pong_interfaces/share/pong_interfaces/environment/pythonpath.sh
-- Installing: /home/alumno/ros2_ws/install/pong_interfaces/share/pong_interfaces/environment/pythonpath.dsv
-- Installing: /home/alumno/ros2_ws/install/pong_interfaces/lib/python3.12/site-packages/pong_interfaces-0.0.0-py3.12.egg-info
-- Installing: /home/alumno/ros2_ws/install/pong_interfaces/lib/python3.12/site-packages/pong_interfaces-0.0.0-py3.12.egg-info/SOURCES.txt
-- Installing: /home/alumno/ros2_ws/install/pong_interfaces/lib/python3.12/site-packages/pong_interfaces-0.0.0-py3.12.egg-info/top_level.txt
-- Installing: /home/alumno/ros2_ws/install/pong_interfaces/lib/python3.12/site-packages/pong_interfaces-0.0.0-py3.12.egg-info/dependency_links.txt
-- Installing: /home/alumno/ros2_ws/install/pong_interfaces/lib/python3.12/site-packages/pong_interfaces-0.0.0-py3.12.egg-info/PKG-INFO
-- Installing: /home/alumno/ros2_ws/install/pong_interfaces/lib/python3.12/site-packages/pong_interfaces
-- Installing: /home/alumno/ros2_ws/install/pong_interfaces/lib/python3.12/site-packages/pong_interfaces/srv
-- Installing: /home/alumno/ros2_ws/install/pong_interfaces/lib/python3.12/site-packages/pong_interfaces/srv/_reset.py
-- Installing: /home/alumno/ros2_ws/install/pong_interfaces/lib/python3.12/site-packages/pong_interfaces/srv/_reset_s.c
-- Installing: /home/alumno/ros2_ws/install/pong_interfaces/lib/python3.12/site-packages/pong_interfaces/srv/__init__.py
-- Installing: /home/alumno/ros2_ws/install/pong_interfaces/lib/python3.12/site-packages/pong_interfaces/_pong_interfaces_s.ep.rosidl_typesupport_introspection_c.c
-- Installing: /home/alumno/ros2_ws/install/pong_interfaces/lib/python3.12/site-packages/pong_interfaces/__init__.py
-- Installing: /home/alumno/ros2_ws/install/pong_interfaces/lib/python3.12/site-packages/pong_interfaces/pong_interfaces_s__rosidl_typesupport_fastrtps_c.so
-- Installing: /home/alumno/ros2_ws/install/pong_interfaces/lib/python3.12/site-packages/pong_interfaces/pong_interfaces_s__rosidl_typesupport_c.so
-- Installing: /home/alumno/ros2_ws/install/pong_interfaces/lib/python3.12/site-packages/pong_interfaces/_pong_interfaces_s.ep.rosidl_typesupport_fastrtps_c.c
-- Installing: /home/alumno/ros2_ws/install/pong_interfaces/lib/python3.12/site-packages/pong_interfaces/_pong_interfaces_s.ep.rosidl_typesupport_c.c
-- Installing: /home/alumno/ros2_ws/install/pong_interfaces/lib/python3.12/site-packages/pong_interfaces/pong_interfaces_s__rosidl_typesupport_introspection_c.so
-- Installing: /home/alumno/ros2_ws/install/pong_interfaces/lib/python3.12/site-packages/pong_interfaces/msg
-- Installing: /home/alumno/ros2_ws/install/pong_interfaces/lib/python3.12/site-packages/pong_interfaces/msg/_paddle_position_s.c
-- Installing: /home/alumno/ros2_ws/install/pong_interfaces/lib/python3.12/site-packages/pong_interfaces/msg/_paddle_position.py
-- Installing: /home/alumno/ros2_ws/install/pong_interfaces/lib/python3.12/site-packages/pong_interfaces/msg/__init__.py
Listing '/home/alumno/ros2_ws/install/pong_interfaces/lib/python3.12/site-packages/pong_interfaces'...
Compiling '/home/alumno/ros2_ws/install/pong_interfaces/lib/python3.12/site-packages/pong_interfaces/__init__.py'...
Listing '/home/alumno/ros2_ws/install/pong_interfaces/lib/python3.12/site-packages/pong_interfaces/msg'...
Compiling '/home/alumno/ros2_ws/install/pong_interfaces/lib/python3.12/site-packages/pong_interfaces/msg/__init__.py'...
Compiling '/home/alumno/ros2_ws/install/pong_interfaces/lib/python3.12/site-packages/pong_interfaces/msg/_paddle_position.py'...
Listing '/home/alumno/ros2_ws/install/pong_interfaces/lib/python3.12/site-packages/pong_interfaces/srv'...
Compiling '/home/alumno/ros2_ws/install/pong_interfaces/lib/python3.12/site-packages/pong_interfaces/srv/__init__.py'...
Compiling '/home/alumno/ros2_ws/install/pong_interfaces/lib/python3.12/site-packages/pong_interfaces/srv/_reset.py'...
-- Installing: /home/alumno/ros2_ws/install/pong_interfaces/lib/python3.12/site-packages/pong_interfaces/pong_interfaces_s__rosidl_typesupport_fastrtps_c.so
-- Set non-toolchain portion of runtime path of "/home/alumno/ros2_ws/install/pong_interfaces/lib/python3.12/site-packages/pong_interfaces/pong_interfaces_s__rosidl_typesupport_fastrtps_c.so" to ""
-- Installing: /home/alumno/ros2_ws/install/pong_interfaces/lib/python3.12/site-packages/pong_interfaces/pong_interfaces_s__rosidl_typesupport_introspection_c.so
-- Set non-toolchain portion of runtime path of "/home/alumno/ros2_ws/install/pong_interfaces/lib/python3.12/site-packages/pong_interfaces/pong_interfaces_s__rosidl_typesupport_introspection_c.so" to ""
-- Installing: /home/alumno/ros2_ws/install/pong_interfaces/lib/python3.12/site-packages/pong_interfaces/pong_interfaces_s__rosidl_typesupport_c.so
-- Set non-toolchain portion of runtime path of "/home/alumno/ros2_ws/install/pong_interfaces/lib/python3.12/site-packages/pong_interfaces/pong_interfaces_s__rosidl_typesupport_c.so" to ""
-- Installing: /home/alumno/ros2_ws/install/pong_interfaces/lib/libpong_interfaces__rosidl_generator_py.so
-- Set non-toolchain portion of runtime path of "/home/alumno/ros2_ws/install/pong_interfaces/lib/libpong_interfaces__rosidl_generator_py.so" to ""
-- Installing: /home/alumno/ros2_ws/install/pong_interfaces/share/pong_interfaces/msg/PaddlePosition.idl
-- Installing: /home/alumno/ros2_ws/install/pong_interfaces/share/pong_interfaces/srv/Reset.idl
-- Installing: /home/alumno/ros2_ws/install/pong_interfaces/share/pong_interfaces/msg/PaddlePosition.msg
-- Installing: /home/alumno/ros2_ws/install/pong_interfaces/share/pong_interfaces/srv/Reset.srv
-- Installing: /home/alumno/ros2_ws/install/pong_interfaces/share/ament_index/resource_index/package_run_dependencies/pong_interfaces
-- Installing: /home/alumno/ros2_ws/install/pong_interfaces/share/ament_index/resource_index/parent_prefix_path/pong_interfaces
-- Installing: /home/alumno/ros2_ws/install/pong_interfaces/share/pong_interfaces/environment/ament_prefix_path.sh
-- Installing: /home/alumno/ros2_ws/install/pong_interfaces/share/pong_interfaces/environment/ament_prefix_path.dsv
-- Installing: /home/alumno/ros2_ws/install/pong_interfaces/share/pong_interfaces/environment/path.sh
-- Installing: /home/alumno/ros2_ws/install/pong_interfaces/share/pong_interfaces/environment/path.dsv
-- Installing: /home/alumno/ros2_ws/install/pong_interfaces/share/pong_interfaces/local_setup.bash
-- Installing: /home/alumno/ros2_ws/install/pong_interfaces/share/pong_interfaces/local_setup.sh
-- Installing: /home/alumno/ros2_ws/install/pong_interfaces/share/pong_interfaces/local_setup.zsh
-- Installing: /home/alumno/ros2_ws/install/pong_interfaces/share/pong_interfaces/local_setup.dsv
-- Installing: /home/alumno/ros2_ws/install/pong_interfaces/share/pong_interfaces/package.dsv
-- Installing: /home/alumno/ros2_ws/install/pong_interfaces/share/ament_index/resource_index/packages/pong_interfaces
-- Installing: /home/alumno/ros2_ws/install/pong_interfaces/share/pong_interfaces/cmake/export_pong_interfaces__rosidl_generator_cExport.cmake
-- Installing: /home/alumno/ros2_ws/install/pong_interfaces/share/pong_interfaces/cmake/export_pong_interfaces__rosidl_generator_cExport-noconfig.cmake
-- Installing: /home/alumno/ros2_ws/install/pong_interfaces/share/pong_interfaces/cmake/export_pong_interfaces__rosidl_typesupport_fastrtps_cExport.cmake
-- Installing: /home/alumno/ros2_ws/install/pong_interfaces/share/pong_interfaces/cmake/export_pong_interfaces__rosidl_typesupport_fastrtps_cExport-noconfig.cmake
-- Installing: /home/alumno/ros2_ws/install/pong_interfaces/share/pong_interfaces/cmake/pong_interfaces__rosidl_typesupport_introspection_cExport.cmake
-- Installing: /home/alumno/ros2_ws/install/pong_interfaces/share/pong_interfaces/cmake/pong_interfaces__rosidl_typesupport_introspection_cExport-noconfig.cmake
-- Installing: /home/alumno/ros2_ws/install/pong_interfaces/share/pong_interfaces/cmake/pong_interfaces__rosidl_typesupport_cExport.cmake
-- Installing: /home/alumno/ros2_ws/install/pong_interfaces/share/pong_interfaces/cmake/pong_interfaces__rosidl_typesupport_cExport-noconfig.cmake
-- Installing: /home/alumno/ros2_ws/install/pong_interfaces/share/pong_interfaces/cmake/export_pong_interfaces__rosidl_generator_cppExport.cmake
-- Installing: /home/alumno/ros2_ws/install/pong_interfaces/share/pong_interfaces/cmake/export_pong_interfaces__rosidl_typesupport_fastrtps_cppExport.cmake
-- Installing: /home/alumno/ros2_ws/install/pong_interfaces/share/pong_interfaces/cmake/export_pong_interfaces__rosidl_typesupport_fastrtps_cppExport-noconfig.cmake
-- Installing: /home/alumno/ros2_ws/install/pong_interfaces/share/pong_interfaces/cmake/pong_interfaces__rosidl_typesupport_introspection_cppExport.cmake
-- Installing: /home/alumno/ros2_ws/install/pong_interfaces/share/pong_interfaces/cmake/pong_interfaces__rosidl_typesupport_introspection_cppExport-noconfig.cmake
-- Installing: /home/alumno/ros2_ws/install/pong_interfaces/share/pong_interfaces/cmake/pong_interfaces__rosidl_typesupport_cppExport.cmake
-- Installing: /home/alumno/ros2_ws/install/pong_interfaces/share/pong_interfaces/cmake/pong_interfaces__rosidl_typesupport_cppExport-noconfig.cmake
-- Installing: /home/alumno/ros2_ws/install/pong_interfaces/share/pong_interfaces/cmake/export_pong_interfaces__rosidl_generator_pyExport.cmake
-- Installing: /home/alumno/ros2_ws/install/pong_interfaces/share/pong_interfaces/cmake/export_pong_interfaces__rosidl_generator_pyExport-noconfig.cmake
-- Installing: /home/alumno/ros2_ws/install/pong_interfaces/share/pong_interfaces/cmake/rosidl_cmake-extras.cmake
-- Installing: /home/alumno/ros2_ws/install/pong_interfaces/share/pong_interfaces/cmake/ament_cmake_export_dependencies-extras.cmake
-- Installing: /home/alumno/ros2_ws/install/pong_interfaces/share/pong_interfaces/cmake/ament_cmake_export_include_directories-extras.cmake
-- Installing: /home/alumno/ros2_ws/install/pong_interfaces/share/pong_interfaces/cmake/ament_cmake_export_libraries-extras.cmake
-- Installing: /home/alumno/ros2_ws/install/pong_interfaces/share/pong_interfaces/cmake/ament_cmake_export_targets-extras.cmake
-- Installing: /home/alumno/ros2_ws/install/pong_interfaces/share/pong_interfaces/cmake/rosidl_cmake_export_typesupport_targets-extras.cmake
-- Installing: /home/alumno/ros2_ws/install/pong_interfaces/share/pong_interfaces/cmake/rosidl_cmake_export_typesupport_libraries-extras.cmake
-- Installing: /home/alumno/ros2_ws/install/pong_interfaces/share/pong_interfaces/cmake/pong_interfacesConfig.cmake
-- Installing: /home/alumno/ros2_ws/install/pong_interfaces/share/pong_interfaces/cmake/pong_interfacesConfig-version.cmake
-- Installing: /home/alumno/ros2_ws/install/pong_interfaces/share/pong_interfaces/package.xml
