[0.116s] DEBUG:colcon:Command line arguments: ['/usr/bin/colcon', 'build']
[0.116s] DEBUG:colcon:Parsed command line arguments: Namespace(log_base=None, log_level=None, verb_name='build', build_base='build', install_base='install', merge_install=False, symlink_install=False, test_result_base=None, continue_on_error=False, executor='parallel', parallel_workers=6, event_handlers=None, ignore_user_meta=False, metas=['./colcon.meta'], base_paths=['.'], packages_ignore=None, packages_ignore_regex=None, paths=None, packages_up_to=None, packages_up_to_regex=None, packages_above=None, packages_above_and_dependencies=None, packages_above_depth=None, packages_select_by_dep=None, packages_skip_by_dep=None, packages_skip_up_to=None, packages_select_build_failed=False, packages_skip_build_finished=False, packages_select_test_failures=False, packages_skip_test_passed=False, packages_select=None, packages_skip=None, packages_select_regex=None, packages_skip_regex=None, packages_start=None, packages_end=None, allow_overriding=[], cmake_args=None, cmake_target=None, cmake_target_skip_unavailable=False, cmake_clean_cache=False, cmake_clean_first=False, cmake_force_configure=False, ament_cmake_args=None, catkin_cmake_args=None, catkin_skip_building_tests=False, mixin_files=None, mixin=None, verb_parser=<colcon_mixin.mixin.mixin_argument.MixinArgumentDecorator object at 0x7609dfeb8170>, verb_extension=<colcon_core.verb.build.BuildVerb object at 0x7609dfe8fe90>, main=<bound method BuildVerb.main of <colcon_core.verb.build.BuildVerb object at 0x7609dfe8fe90>>, mixin_verb=('build',))
[0.157s] Level 1:colcon.colcon_core.package_discovery:discover_packages(colcon_meta) check parameters
[0.157s] Level 1:colcon.colcon_core.package_discovery:discover_packages(recursive) check parameters
[0.157s] Level 1:colcon.colcon_core.package_discovery:discover_packages(ignore) check parameters
[0.157s] Level 1:colcon.colcon_core.package_discovery:discover_packages(path) check parameters
[0.157s] Level 1:colcon.colcon_core.package_discovery:discover_packages(colcon_meta) discover
[0.157s] Level 1:colcon.colcon_core.package_discovery:discover_packages(recursive) discover
[0.157s] INFO:colcon.colcon_core.package_discovery:Crawling recursively for packages in '/home/alumno/ros2_ws'
[0.157s] Level 1:colcon.colcon_core.package_identification:_identify(.) by extensions ['ignore', 'ignore_ament_install']
[0.157s] Level 1:colcon.colcon_core.package_identification:_identify(.) by extension 'ignore'
[0.157s] Level 1:colcon.colcon_core.package_identification:_identify(.) by extension 'ignore_ament_install'
[0.157s] Level 1:colcon.colcon_core.package_identification:_identify(.) by extensions ['colcon_pkg']
[0.157s] Level 1:colcon.colcon_core.package_identification:_identify(.) by extension 'colcon_pkg'
[0.157s] Level 1:colcon.colcon_core.package_identification:_identify(.) by extensions ['colcon_meta']
[0.157s] Level 1:colcon.colcon_core.package_identification:_identify(.) by extension 'colcon_meta'
[0.157s] Level 1:colcon.colcon_core.package_identification:_identify(.) by extensions ['ros']
[0.157s] Level 1:colcon.colcon_core.package_identification:_identify(.) by extension 'ros'
[0.183s] Level 1:colcon.colcon_core.package_identification:_identify(.) by extensions ['cmake', 'python']
[0.183s] Level 1:colcon.colcon_core.package_identification:_identify(.) by extension 'cmake'
[0.183s] Level 1:colcon.colcon_core.package_identification:_identify(.) by extension 'python'
[0.183s] Level 1:colcon.colcon_core.package_identification:_identify(.) by extensions ['python_setup_py']
[0.183s] Level 1:colcon.colcon_core.package_identification:_identify(.) by extension 'python_setup_py'
[0.183s] Level 1:colcon.colcon_core.package_identification:_identify(build) by extensions ['ignore', 'ignore_ament_install']
[0.183s] Level 1:colcon.colcon_core.package_identification:_identify(build) by extension 'ignore'
[0.184s] Level 1:colcon.colcon_core.package_identification:_identify(build) ignored
[0.184s] Level 1:colcon.colcon_core.package_identification:_identify(install) by extensions ['ignore', 'ignore_ament_install']
[0.184s] Level 1:colcon.colcon_core.package_identification:_identify(install) by extension 'ignore'
[0.184s] Level 1:colcon.colcon_core.package_identification:_identify(install) ignored
[0.184s] Level 1:colcon.colcon_core.package_identification:_identify(log) by extensions ['ignore', 'ignore_ament_install']
[0.184s] Level 1:colcon.colcon_core.package_identification:_identify(log) by extension 'ignore'
[0.184s] Level 1:colcon.colcon_core.package_identification:_identify(log) ignored
[0.184s] Level 1:colcon.colcon_core.package_identification:_identify(pong_interfaces) by extensions ['ignore', 'ignore_ament_install']
[0.184s] Level 1:colcon.colcon_core.package_identification:_identify(pong_interfaces) by extension 'ignore'
[0.184s] Level 1:colcon.colcon_core.package_identification:_identify(pong_interfaces) by extension 'ignore_ament_install'
[0.184s] Level 1:colcon.colcon_core.package_identification:_identify(pong_interfaces) by extensions ['colcon_pkg']
[0.184s] Level 1:colcon.colcon_core.package_identification:_identify(pong_interfaces) by extension 'colcon_pkg'
[0.184s] Level 1:colcon.colcon_core.package_identification:_identify(pong_interfaces) by extensions ['colcon_meta']
[0.184s] Level 1:colcon.colcon_core.package_identification:_identify(pong_interfaces) by extension 'colcon_meta'
[0.184s] Level 1:colcon.colcon_core.package_identification:_identify(pong_interfaces) by extensions ['ros']
[0.184s] Level 1:colcon.colcon_core.package_identification:_identify(pong_interfaces) by extension 'ros'
[0.187s] DEBUG:colcon.colcon_core.package_identification:Package 'pong_interfaces' with type 'ros.ament_cmake' and name 'pong_interfaces'
[0.187s] Level 1:colcon.colcon_core.package_identification:_identify(src) by extensions ['ignore', 'ignore_ament_install']
[0.187s] Level 1:colcon.colcon_core.package_identification:_identify(src) by extension 'ignore'
[0.187s] Level 1:colcon.colcon_core.package_identification:_identify(src) by extension 'ignore_ament_install'
[0.187s] Level 1:colcon.colcon_core.package_identification:_identify(src) by extensions ['colcon_pkg']
[0.187s] Level 1:colcon.colcon_core.package_identification:_identify(src) by extension 'colcon_pkg'
[0.187s] Level 1:colcon.colcon_core.package_identification:_identify(src) by extensions ['colcon_meta']
[0.187s] Level 1:colcon.colcon_core.package_identification:_identify(src) by extension 'colcon_meta'
[0.187s] Level 1:colcon.colcon_core.package_identification:_identify(src) by extensions ['ros']
[0.187s] Level 1:colcon.colcon_core.package_identification:_identify(src) by extension 'ros'
[0.187s] Level 1:colcon.colcon_core.package_identification:_identify(src) by extensions ['cmake', 'python']
[0.187s] Level 1:colcon.colcon_core.package_identification:_identify(src) by extension 'cmake'
[0.187s] Level 1:colcon.colcon_core.package_identification:_identify(src) by extension 'python'
[0.187s] Level 1:colcon.colcon_core.package_identification:_identify(src) by extensions ['python_setup_py']
[0.187s] Level 1:colcon.colcon_core.package_identification:_identify(src) by extension 'python_setup_py'
[0.187s] Level 1:colcon.colcon_core.package_identification:_identify(src/pong_game) by extensions ['ignore', 'ignore_ament_install']
[0.188s] Level 1:colcon.colcon_core.package_identification:_identify(src/pong_game) by extension 'ignore'
[0.188s] Level 1:colcon.colcon_core.package_identification:_identify(src/pong_game) by extension 'ignore_ament_install'
[0.188s] Level 1:colcon.colcon_core.package_identification:_identify(src/pong_game) by extensions ['colcon_pkg']
[0.188s] Level 1:colcon.colcon_core.package_identification:_identify(src/pong_game) by extension 'colcon_pkg'
[0.188s] Level 1:colcon.colcon_core.package_identification:_identify(src/pong_game) by extensions ['colcon_meta']
[0.188s] Level 1:colcon.colcon_core.package_identification:_identify(src/pong_game) by extension 'colcon_meta'
[0.188s] Level 1:colcon.colcon_core.package_identification:_identify(src/pong_game) by extensions ['ros']
[0.188s] Level 1:colcon.colcon_core.package_identification:_identify(src/pong_game) by extension 'ros'
[0.189s] DEBUG:colcon.colcon_core.package_identification:Package 'src/pong_game' with type 'ros.ament_python' and name 'pong_game'
[0.189s] Level 1:colcon.colcon_core.package_discovery:discover_packages(recursive) using defaults
[0.189s] Level 1:colcon.colcon_core.package_discovery:discover_packages(ignore) discover
[0.189s] Level 1:colcon.colcon_core.package_discovery:discover_packages(ignore) using defaults
[0.189s] Level 1:colcon.colcon_core.package_discovery:discover_packages(path) discover
[0.189s] Level 1:colcon.colcon_core.package_discovery:discover_packages(path) using defaults
[0.206s] Level 1:colcon.colcon_core.package_discovery:discover_packages(prefix_path) check parameters
[0.206s] Level 1:colcon.colcon_core.package_discovery:discover_packages(prefix_path) discover
[0.207s] WARNING:colcon.colcon_ros.prefix_path.ament:The path '/home/alumno/ros2_ws/install/pong_game' in the environment variable AMENT_PREFIX_PATH doesn't exist
[0.207s] WARNING:colcon.colcon_ros.prefix_path.ament:The path '/home/alumno/ros2_ws/install/pong_interfaces' in the environment variable AMENT_PREFIX_PATH doesn't exist
[0.207s] WARNING:colcon.colcon_ros.prefix_path.catkin:The path '/home/alumno/ros2_ws/install/pong_interfaces' in the environment variable CMAKE_PREFIX_PATH doesn't exist
[0.208s] DEBUG:colcon.colcon_installed_package_information.package_discovery:Found 0 installed packages in /home/alumno/ros2_ws/install
[0.209s] DEBUG:colcon.colcon_installed_package_information.package_discovery:Found 329 installed packages in /opt/ros/jazzy
[0.211s] Level 1:colcon.colcon_core.package_discovery:discover_packages(prefix_path) using defaults
[0.263s] Level 5:colcon.colcon_core.verb:set package 'pong_interfaces' build argument 'cmake_args' from command line to 'None'
[0.263s] Level 5:colcon.colcon_core.verb:set package 'pong_interfaces' build argument 'cmake_target' from command line to 'None'
[0.263s] Level 5:colcon.colcon_core.verb:set package 'pong_interfaces' build argument 'cmake_target_skip_unavailable' from command line to 'False'
[0.264s] Level 5:colcon.colcon_core.verb:set package 'pong_interfaces' build argument 'cmake_clean_cache' from command line to 'False'
[0.264s] Level 5:colcon.colcon_core.verb:set package 'pong_interfaces' build argument 'cmake_clean_first' from command line to 'False'
[0.264s] Level 5:colcon.colcon_core.verb:set package 'pong_interfaces' build argument 'cmake_force_configure' from command line to 'False'
[0.264s] Level 5:colcon.colcon_core.verb:set package 'pong_interfaces' build argument 'ament_cmake_args' from command line to 'None'
[0.264s] Level 5:colcon.colcon_core.verb:set package 'pong_interfaces' build argument 'catkin_cmake_args' from command line to 'None'
[0.264s] Level 5:colcon.colcon_core.verb:set package 'pong_interfaces' build argument 'catkin_skip_building_tests' from command line to 'False'
[0.264s] DEBUG:colcon.colcon_core.verb:Building package 'pong_interfaces' with the following arguments: {'ament_cmake_args': None, 'build_base': '/home/alumno/ros2_ws/build/pong_interfaces', 'catkin_cmake_args': None, 'catkin_skip_building_tests': False, 'cmake_args': None, 'cmake_clean_cache': False, 'cmake_clean_first': False, 'cmake_force_configure': False, 'cmake_target': None, 'cmake_target_skip_unavailable': False, 'install_base': '/home/alumno/ros2_ws/install/pong_interfaces', 'merge_install': False, 'path': '/home/alumno/ros2_ws/pong_interfaces', 'symlink_install': False, 'test_result_base': None}
[0.264s] Level 5:colcon.colcon_core.verb:set package 'pong_game' build argument 'cmake_args' from command line to 'None'
[0.264s] Level 5:colcon.colcon_core.verb:set package 'pong_game' build argument 'cmake_target' from command line to 'None'
[0.264s] Level 5:colcon.colcon_core.verb:set package 'pong_game' build argument 'cmake_target_skip_unavailable' from command line to 'False'
[0.264s] Level 5:colcon.colcon_core.verb:set package 'pong_game' build argument 'cmake_clean_cache' from command line to 'False'
[0.264s] Level 5:colcon.colcon_core.verb:set package 'pong_game' build argument 'cmake_clean_first' from command line to 'False'
[0.264s] Level 5:colcon.colcon_core.verb:set package 'pong_game' build argument 'cmake_force_configure' from command line to 'False'
[0.264s] Level 5:colcon.colcon_core.verb:set package 'pong_game' build argument 'ament_cmake_args' from command line to 'None'
[0.264s] Level 5:colcon.colcon_core.verb:set package 'pong_game' build argument 'catkin_cmake_args' from command line to 'None'
[0.264s] Level 5:colcon.colcon_core.verb:set package 'pong_game' build argument 'catkin_skip_building_tests' from command line to 'False'
[0.264s] DEBUG:colcon.colcon_core.verb:Building package 'pong_game' with the following arguments: {'ament_cmake_args': None, 'build_base': '/home/alumno/ros2_ws/build/pong_game', 'catkin_cmake_args': None, 'catkin_skip_building_tests': False, 'cmake_args': None, 'cmake_clean_cache': False, 'cmake_clean_first': False, 'cmake_force_configure': False, 'cmake_target': None, 'cmake_target_skip_unavailable': False, 'install_base': '/home/alumno/ros2_ws/install/pong_game', 'merge_install': False, 'path': '/home/alumno/ros2_ws/src/pong_game', 'symlink_install': False, 'test_result_base': None}
[0.264s] INFO:colcon.colcon_core.executor:Executing jobs using 'parallel' executor
[0.265s] DEBUG:colcon.colcon_parallel_executor.executor.parallel:run_until_complete
[0.265s] INFO:colcon.colcon_ros.task.ament_cmake.build:Building ROS package in '/home/alumno/ros2_ws/pong_interfaces' with build type 'ament_cmake'
[0.265s] INFO:colcon.colcon_cmake.task.cmake.build:Building CMake package in '/home/alumno/ros2_ws/pong_interfaces'
[0.267s] INFO:colcon.colcon_core.plugin_system:Skipping extension 'colcon_core.shell.bat': Not used on non-Windows systems
[0.267s] INFO:colcon.colcon_core.shell:Skip shell extension 'powershell' for command environment: Not usable outside of PowerShell
[0.267s] DEBUG:colcon.colcon_core.shell:Skip shell extension 'dsv' for command environment
[0.275s] DEBUG:colcon.colcon_core.event_handler.log_command:Invoking command in '/home/alumno/ros2_ws/build/pong_interfaces': CMAKE_PREFIX_PATH=${CMAKE_PREFIX_PATH}:/home/alumno/ros2_ws/install/pong_game:/opt/ros/jazzy DEBUGINFOD_URLS=https://debuginfod.ubuntu.com /usr/bin/cmake /home/alumno/ros2_ws/pong_interfaces -DCMAKE_INSTALL_PREFIX=/home/alumno/ros2_ws/install/pong_interfaces
[3.139s] DEBUG:colcon.colcon_core.event_handler.log_command:Invoked command in '/home/alumno/ros2_ws/build/pong_interfaces' returned '0': CMAKE_PREFIX_PATH=${CMAKE_PREFIX_PATH}:/home/alumno/ros2_ws/install/pong_game:/opt/ros/jazzy DEBUGINFOD_URLS=https://debuginfod.ubuntu.com /usr/bin/cmake /home/alumno/ros2_ws/pong_interfaces -DCMAKE_INSTALL_PREFIX=/home/alumno/ros2_ws/install/pong_interfaces
[3.140s] DEBUG:colcon.colcon_core.event_handler.log_command:Invoking command in '/home/alumno/ros2_ws/build/pong_interfaces': CMAKE_PREFIX_PATH=${CMAKE_PREFIX_PATH}:/home/alumno/ros2_ws/install/pong_game:/opt/ros/jazzy DEBUGINFOD_URLS=https://debuginfod.ubuntu.com /usr/bin/cmake --build /home/alumno/ros2_ws/build/pong_interfaces -- -j6 -l6
[5.987s] DEBUG:colcon.colcon_core.event_handler.log_command:Invoked command in '/home/alumno/ros2_ws/build/pong_interfaces' returned '0': CMAKE_PREFIX_PATH=${CMAKE_PREFIX_PATH}:/home/alumno/ros2_ws/install/pong_game:/opt/ros/jazzy DEBUGINFOD_URLS=https://debuginfod.ubuntu.com /usr/bin/cmake --build /home/alumno/ros2_ws/build/pong_interfaces -- -j6 -l6
[5.996s] DEBUG:colcon.colcon_core.event_handler.log_command:Invoking command in '/home/alumno/ros2_ws/build/pong_interfaces': CMAKE_PREFIX_PATH=${CMAKE_PREFIX_PATH}:/home/alumno/ros2_ws/install/pong_game:/opt/ros/jazzy DEBUGINFOD_URLS=https://debuginfod.ubuntu.com /usr/bin/cmake --install /home/alumno/ros2_ws/build/pong_interfaces
[6.079s] Level 1:colcon.colcon_core.environment:create_environment_scripts_only(pong_interfaces)
[6.083s] Level 1:colcon.colcon_core.environment:checking '/home/alumno/ros2_ws/install/pong_interfaces' for CMake module files
[6.084s] Level 1:colcon.colcon_core.environment:checking '/home/alumno/ros2_ws/install/pong_interfaces' for CMake config files
[6.085s] Level 1:colcon.colcon_core.shell:create_environment_hook('pong_interfaces', 'cmake_prefix_path')
[6.085s] INFO:colcon.colcon_core.shell:Creating environment hook '/home/alumno/ros2_ws/install/pong_interfaces/share/pong_interfaces/hook/cmake_prefix_path.ps1'
[6.089s] INFO:colcon.colcon_core.shell:Creating environment descriptor '/home/alumno/ros2_ws/install/pong_interfaces/share/pong_interfaces/hook/cmake_prefix_path.dsv'
[6.089s] INFO:colcon.colcon_core.shell:Creating environment hook '/home/alumno/ros2_ws/install/pong_interfaces/share/pong_interfaces/hook/cmake_prefix_path.sh'
[6.086s] DEBUG:colcon.colcon_core.event_handler.log_command:Invoked command in '/home/alumno/ros2_ws/build/pong_interfaces' returned '0': CMAKE_PREFIX_PATH=${CMAKE_PREFIX_PATH}:/home/alumno/ros2_ws/install/pong_game:/opt/ros/jazzy DEBUGINFOD_URLS=https://debuginfod.ubuntu.com /usr/bin/cmake --install /home/alumno/ros2_ws/build/pong_interfaces
[6.090s] Level 1:colcon.colcon_core.environment:checking '/home/alumno/ros2_ws/install/pong_interfaces/lib'
[6.090s] Level 1:colcon.colcon_core.shell:create_environment_hook('pong_interfaces', 'ld_library_path_lib')
[6.090s] INFO:colcon.colcon_core.shell:Creating environment hook '/home/alumno/ros2_ws/install/pong_interfaces/share/pong_interfaces/hook/ld_library_path_lib.ps1'
[6.091s] INFO:colcon.colcon_core.shell:Creating environment descriptor '/home/alumno/ros2_ws/install/pong_interfaces/share/pong_interfaces/hook/ld_library_path_lib.dsv'
[6.091s] INFO:colcon.colcon_core.shell:Creating environment hook '/home/alumno/ros2_ws/install/pong_interfaces/share/pong_interfaces/hook/ld_library_path_lib.sh'
[6.091s] Level 1:colcon.colcon_core.environment:checking '/home/alumno/ros2_ws/install/pong_interfaces/bin'
[6.091s] Level 1:colcon.colcon_core.environment:checking '/home/alumno/ros2_ws/install/pong_interfaces/lib/pkgconfig/pong_interfaces.pc'
[6.092s] Level 1:colcon.colcon_core.environment:checking '/home/alumno/ros2_ws/install/pong_interfaces/lib/python3.12/site-packages'
[6.092s] Level 1:colcon.colcon_core.shell:create_environment_hook('pong_interfaces', 'pythonpath')
[6.092s] INFO:colcon.colcon_core.shell:Creating environment hook '/home/alumno/ros2_ws/install/pong_interfaces/share/pong_interfaces/hook/pythonpath.ps1'
[6.093s] INFO:colcon.colcon_core.shell:Creating environment descriptor '/home/alumno/ros2_ws/install/pong_interfaces/share/pong_interfaces/hook/pythonpath.dsv'
[6.093s] INFO:colcon.colcon_core.shell:Creating environment hook '/home/alumno/ros2_ws/install/pong_interfaces/share/pong_interfaces/hook/pythonpath.sh'
[6.094s] Level 1:colcon.colcon_core.environment:checking '/home/alumno/ros2_ws/install/pong_interfaces/bin'
[6.094s] INFO:colcon.colcon_core.shell:Creating package script '/home/alumno/ros2_ws/install/pong_interfaces/share/pong_interfaces/package.ps1'
[6.095s] INFO:colcon.colcon_core.shell:Creating package descriptor '/home/alumno/ros2_ws/install/pong_interfaces/share/pong_interfaces/package.dsv'
[6.096s] INFO:colcon.colcon_core.shell:Creating package script '/home/alumno/ros2_ws/install/pong_interfaces/share/pong_interfaces/package.sh'
[6.097s] INFO:colcon.colcon_core.shell:Creating package script '/home/alumno/ros2_ws/install/pong_interfaces/share/pong_interfaces/package.bash'
[6.097s] INFO:colcon.colcon_core.shell:Creating package script '/home/alumno/ros2_ws/install/pong_interfaces/share/pong_interfaces/package.zsh'
[6.098s] Level 1:colcon.colcon_core.environment:create_file_with_runtime_dependencies(/home/alumno/ros2_ws/install/pong_interfaces/share/colcon-core/packages/pong_interfaces)
[6.099s] Level 1:colcon.colcon_core.environment:create_environment_scripts_only(pong_interfaces)
[6.099s] Level 1:colcon.colcon_core.environment:checking '/home/alumno/ros2_ws/install/pong_interfaces' for CMake module files
[6.099s] Level 1:colcon.colcon_core.environment:checking '/home/alumno/ros2_ws/install/pong_interfaces' for CMake config files
[6.100s] Level 1:colcon.colcon_core.shell:create_environment_hook('pong_interfaces', 'cmake_prefix_path')
[6.100s] INFO:colcon.colcon_core.shell:Creating environment hook '/home/alumno/ros2_ws/install/pong_interfaces/share/pong_interfaces/hook/cmake_prefix_path.ps1'
[6.101s] INFO:colcon.colcon_core.shell:Creating environment descriptor '/home/alumno/ros2_ws/install/pong_interfaces/share/pong_interfaces/hook/cmake_prefix_path.dsv'
[6.101s] INFO:colcon.colcon_core.shell:Creating environment hook '/home/alumno/ros2_ws/install/pong_interfaces/share/pong_interfaces/hook/cmake_prefix_path.sh'
[6.101s] Level 1:colcon.colcon_core.environment:checking '/home/alumno/ros2_ws/install/pong_interfaces/lib'
[6.102s] Level 1:colcon.colcon_core.shell:create_environment_hook('pong_interfaces', 'ld_library_path_lib')
[6.102s] INFO:colcon.colcon_core.shell:Creating environment hook '/home/alumno/ros2_ws/install/pong_interfaces/share/pong_interfaces/hook/ld_library_path_lib.ps1'
[6.102s] INFO:colcon.colcon_core.shell:Creating environment descriptor '/home/alumno/ros2_ws/install/pong_interfaces/share/pong_interfaces/hook/ld_library_path_lib.dsv'
[6.103s] INFO:colcon.colcon_core.shell:Creating environment hook '/home/alumno/ros2_ws/install/pong_interfaces/share/pong_interfaces/hook/ld_library_path_lib.sh'
[6.103s] Level 1:colcon.colcon_core.environment:checking '/home/alumno/ros2_ws/install/pong_interfaces/bin'
[6.103s] Level 1:colcon.colcon_core.environment:checking '/home/alumno/ros2_ws/install/pong_interfaces/lib/pkgconfig/pong_interfaces.pc'
[6.103s] Level 1:colcon.colcon_core.environment:checking '/home/alumno/ros2_ws/install/pong_interfaces/lib/python3.12/site-packages'
[6.104s] Level 1:colcon.colcon_core.shell:create_environment_hook('pong_interfaces', 'pythonpath')
[6.104s] INFO:colcon.colcon_core.shell:Creating environment hook '/home/alumno/ros2_ws/install/pong_interfaces/share/pong_interfaces/hook/pythonpath.ps1'
[6.104s] INFO:colcon.colcon_core.shell:Creating environment descriptor '/home/alumno/ros2_ws/install/pong_interfaces/share/pong_interfaces/hook/pythonpath.dsv'
[6.105s] INFO:colcon.colcon_core.shell:Creating environment hook '/home/alumno/ros2_ws/install/pong_interfaces/share/pong_interfaces/hook/pythonpath.sh'
[6.105s] Level 1:colcon.colcon_core.environment:checking '/home/alumno/ros2_ws/install/pong_interfaces/bin'
[6.105s] INFO:colcon.colcon_core.shell:Creating package script '/home/alumno/ros2_ws/install/pong_interfaces/share/pong_interfaces/package.ps1'
[6.106s] INFO:colcon.colcon_core.shell:Creating package descriptor '/home/alumno/ros2_ws/install/pong_interfaces/share/pong_interfaces/package.dsv'
[6.107s] INFO:colcon.colcon_core.shell:Creating package script '/home/alumno/ros2_ws/install/pong_interfaces/share/pong_interfaces/package.sh'
[6.107s] INFO:colcon.colcon_core.shell:Creating package script '/home/alumno/ros2_ws/install/pong_interfaces/share/pong_interfaces/package.bash'
[6.108s] INFO:colcon.colcon_core.shell:Creating package script '/home/alumno/ros2_ws/install/pong_interfaces/share/pong_interfaces/package.zsh'
[6.108s] Level 1:colcon.colcon_core.environment:create_file_with_runtime_dependencies(/home/alumno/ros2_ws/install/pong_interfaces/share/colcon-core/packages/pong_interfaces)
[6.108s] INFO:colcon.colcon_ros.task.ament_python.build:Building ROS package in '/home/alumno/ros2_ws/src/pong_game' with build type 'ament_python'
[6.108s] Level 1:colcon.colcon_core.shell:create_environment_hook('pong_game', 'ament_prefix_path')
[6.109s] INFO:colcon.colcon_core.shell:Creating environment hook '/home/alumno/ros2_ws/install/pong_game/share/pong_game/hook/ament_prefix_path.ps1'
[6.109s] INFO:colcon.colcon_core.shell:Creating environment descriptor '/home/alumno/ros2_ws/install/pong_game/share/pong_game/hook/ament_prefix_path.dsv'
[6.109s] INFO:colcon.colcon_core.shell:Creating environment hook '/home/alumno/ros2_ws/install/pong_game/share/pong_game/hook/ament_prefix_path.sh'
[6.110s] INFO:colcon.colcon_core.shell:Skip shell extension 'powershell' for command environment: Not usable outside of PowerShell
[6.110s] DEBUG:colcon.colcon_core.shell:Skip shell extension 'dsv' for command environment
[6.354s] INFO:colcon.colcon_core.task.python.build:Building Python package in '/home/alumno/ros2_ws/src/pong_game'
[6.354s] INFO:colcon.colcon_core.shell:Skip shell extension 'powershell' for command environment: Not usable outside of PowerShell
[6.354s] DEBUG:colcon.colcon_core.shell:Skip shell extension 'dsv' for command environment
[6.954s] DEBUG:colcon.colcon_core.event_handler.log_command:Invoking command in '/home/alumno/ros2_ws/src/pong_game': DEBUGINFOD_URLS=https://debuginfod.ubuntu.com PYTHONPATH=/home/alumno/ros2_ws/build/pong_game/prefix_override:/usr/lib/python3/dist-packages/colcon_core/task/python/colcon_distutils_commands:/home/alumno/ros2_ws/install/pong_game/lib/python3.12/site-packages:/home/alumno/ros2_ws/install/pong_interfaces/lib/python3.12/site-packages:/home/alumno/ros2_ws/install/pong_game/lib/python3.12/site-packages:/opt/ros/jazzy/lib/python3.12/site-packages /usr/bin/python3 -W ignore:setup.py install is deprecated -W ignore:easy_install command is deprecated setup.py egg_info --egg-base ../../build/pong_game build --build-base /home/alumno/ros2_ws/build/pong_game/build install --record /home/alumno/ros2_ws/build/pong_game/install.log --single-version-externally-managed install_data
[7.518s] Level 1:colcon.colcon_core.environment:checking '/home/alumno/ros2_ws/install/pong_game' for CMake module files
[7.518s] DEBUG:colcon.colcon_core.event_handler.log_command:Invoked command in '/home/alumno/ros2_ws/src/pong_game' returned '0': DEBUGINFOD_URLS=https://debuginfod.ubuntu.com PYTHONPATH=/home/alumno/ros2_ws/build/pong_game/prefix_override:/usr/lib/python3/dist-packages/colcon_core/task/python/colcon_distutils_commands:/home/alumno/ros2_ws/install/pong_game/lib/python3.12/site-packages:/home/alumno/ros2_ws/install/pong_interfaces/lib/python3.12/site-packages:/home/alumno/ros2_ws/install/pong_game/lib/python3.12/site-packages:/opt/ros/jazzy/lib/python3.12/site-packages /usr/bin/python3 -W ignore:setup.py install is deprecated -W ignore:easy_install command is deprecated setup.py egg_info --egg-base ../../build/pong_game build --build-base /home/alumno/ros2_ws/build/pong_game/build install --record /home/alumno/ros2_ws/build/pong_game/install.log --single-version-externally-managed install_data
[7.518s] Level 1:colcon.colcon_core.environment:checking '/home/alumno/ros2_ws/install/pong_game' for CMake config files
[7.519s] Level 1:colcon.colcon_core.environment:checking '/home/alumno/ros2_ws/install/pong_game/lib'
[7.519s] Level 1:colcon.colcon_core.environment:checking '/home/alumno/ros2_ws/install/pong_game/bin'
[7.519s] Level 1:colcon.colcon_core.environment:checking '/home/alumno/ros2_ws/install/pong_game/lib/pkgconfig/pong_game.pc'
[7.519s] Level 1:colcon.colcon_core.environment:checking '/home/alumno/ros2_ws/install/pong_game/lib/python3.12/site-packages'
[7.519s] Level 1:colcon.colcon_core.shell:create_environment_hook('pong_game', 'pythonpath')
[7.520s] INFO:colcon.colcon_core.shell:Creating environment hook '/home/alumno/ros2_ws/install/pong_game/share/pong_game/hook/pythonpath.ps1'
[7.520s] INFO:colcon.colcon_core.shell:Creating environment descriptor '/home/alumno/ros2_ws/install/pong_game/share/pong_game/hook/pythonpath.dsv'
[7.520s] INFO:colcon.colcon_core.shell:Creating environment hook '/home/alumno/ros2_ws/install/pong_game/share/pong_game/hook/pythonpath.sh'
[7.521s] Level 1:colcon.colcon_core.environment:checking '/home/alumno/ros2_ws/install/pong_game/bin'
[7.521s] Level 1:colcon.colcon_core.environment:create_environment_scripts_only(pong_game)
[7.521s] INFO:colcon.colcon_core.shell:Creating package script '/home/alumno/ros2_ws/install/pong_game/share/pong_game/package.ps1'
[7.521s] INFO:colcon.colcon_core.shell:Creating package descriptor '/home/alumno/ros2_ws/install/pong_game/share/pong_game/package.dsv'
[7.522s] INFO:colcon.colcon_core.shell:Creating package script '/home/alumno/ros2_ws/install/pong_game/share/pong_game/package.sh'
[7.522s] INFO:colcon.colcon_core.shell:Creating package script '/home/alumno/ros2_ws/install/pong_game/share/pong_game/package.bash'
[7.522s] INFO:colcon.colcon_core.shell:Creating package script '/home/alumno/ros2_ws/install/pong_game/share/pong_game/package.zsh'
[7.522s] Level 1:colcon.colcon_core.environment:create_file_with_runtime_dependencies(/home/alumno/ros2_ws/install/pong_game/share/colcon-core/packages/pong_game)
[7.523s] DEBUG:colcon.colcon_parallel_executor.executor.parallel:closing loop
[7.523s] DEBUG:colcon.colcon_parallel_executor.executor.parallel:loop closed
[7.523s] DEBUG:colcon.colcon_parallel_executor.executor.parallel:run_until_complete finished with '0'
[7.523s] DEBUG:colcon.colcon_core.event_reactor:joining thread
[7.528s] INFO:colcon.colcon_core.plugin_system:Skipping extension 'colcon_notification.desktop_notification.terminal_notifier': Not used on non-Darwin systems
[7.528s] INFO:colcon.colcon_core.plugin_system:Skipping extension 'colcon_notification.desktop_notification.win32': Not used on non-Windows systems
[7.528s] INFO:colcon.colcon_notification.desktop_notification:Sending desktop notification using 'notify2'
[7.541s] DEBUG:colcon.colcon_core.event_reactor:joined thread
[7.541s] INFO:colcon.colcon_core.shell:Creating prefix script '/home/alumno/ros2_ws/install/local_setup.ps1'
[7.541s] INFO:colcon.colcon_core.shell:Creating prefix util module '/home/alumno/ros2_ws/install/_local_setup_util_ps1.py'
[7.543s] INFO:colcon.colcon_core.shell:Creating prefix chain script '/home/alumno/ros2_ws/install/setup.ps1'
[7.543s] INFO:colcon.colcon_core.shell:Creating prefix script '/home/alumno/ros2_ws/install/local_setup.sh'
[7.544s] INFO:colcon.colcon_core.shell:Creating prefix util module '/home/alumno/ros2_ws/install/_local_setup_util_sh.py'
[7.544s] INFO:colcon.colcon_core.shell:Creating prefix chain script '/home/alumno/ros2_ws/install/setup.sh'
[7.545s] INFO:colcon.colcon_core.shell:Creating prefix script '/home/alumno/ros2_ws/install/local_setup.bash'
[7.546s] INFO:colcon.colcon_core.shell:Creating prefix chain script '/home/alumno/ros2_ws/install/setup.bash'
[7.546s] INFO:colcon.colcon_core.shell:Creating prefix script '/home/alumno/ros2_ws/install/local_setup.zsh'
[7.547s] INFO:colcon.colcon_core.shell:Creating prefix chain script '/home/alumno/ros2_ws/install/setup.zsh'
